[analyze] watching /home/appuser/cyclemusic-orchestrator/captures
[analyze] 2H1047e0oMSj10dgp7p2VG starting
Analyzing /home/appuser/cyclemusic-orchestrator/captures/2H1047e0oMSj10dgp7p2VG.wav ...
Loading audio file...
Trimming silence...
Analysis Duration: 0.00s (Offset: 0.00s)
Computing features (RMS, Centroid, Onset)...
Extracting beat grid...
Audio loading complete.
[analyze] 2WfaOiMkCvy7F5fcp2zZ8L starting
Analyzing /home/appuser/cyclemusic-orchestrator/captures/2WfaOiMkCvy7F5fcp2zZ8L.wav ...
Loading audio file...
Trimming silence...
Analysis Duration: 0.00s (Offset: 0.00s)
Computing features (RMS, Centroid, Onset)...
Extracting beat grid...
Audio loading complete.
[analyze] watching /home/appuser/cyclemusic-orchestrator/captures
[analyze] 2H1047e0oMSj10dgp7p2VG starting
Analyzing /home/appuser/cyclemusic-orchestrator/captures/2H1047e0oMSj10dgp7p2VG.wav ...
Loading audio file...
Trimming silence...
Analysis Duration: 0.00s (Offset: 0.00s)
Computing features (RMS, Centroid, Onset)...
Extracting beat grid...
Audio loading complete.
[analyze] 2WfaOiMkCvy7F5fcp2zZ8L starting
Analyzing /home/appuser/cyclemusic-orchestrator/captures/2WfaOiMkCvy7F5fcp2zZ8L.wav ...
Loading audio file...
Trimming silence...
Analysis Duration: 0.00s (Offset: 0.00s)
Computing features (RMS, Centroid, Onset)...
Extracting beat grid...
Audio loading complete.
[analyze] watching /home/appuser/cyclemusic-orchestrator/captures
[analyze] 2H1047e0oMSj10dgp7p2VG starting
Analyzing /home/appuser/cyclemusic-orchestrator/captures/2H1047e0oMSj10dgp7p2VG.wav ...
Loading audio file...
Trimming silence...
Analysis Duration: 0.00s (Offset: 0.00s)
Computing features (RMS, Centroid, Onset)...
Extracting beat grid...
Audio loading complete.
[analyze] 2WfaOiMkCvy7F5fcp2zZ8L starting
Analyzing /home/appuser/cyclemusic-orchestrator/captures/2WfaOiMkCvy7F5fcp2zZ8L.wav ...
Loading audio file...
Trimming silence...
Analysis Duration: 0.00s (Offset: 0.00s)
Computing features (RMS, Centroid, Onset)...
Extracting beat grid...
Audio loading complete.
[analyze] 2H1047e0oMSj10dgp7p2VG starting
Analyzing /home/appuser/cyclemusic-orchestrator/captures/2H1047e0oMSj10dgp7p2VG.wav ...
Loading audio file...
Trimming silence...
Analysis Duration: 0.00s (Offset: 0.00s)
Computing features (RMS, Centroid, Onset)...
Extracting beat grid...
Audio loading complete.
